[Sun Sep 22 10:33:14 UTC 2024] Container: webz-jenkins-log, Response: <!DOCTYPE html>
<html lang="en">
<head>
    <meta charset="UTF-8">
    <meta name="viewport" content="width=device-width, initial-scale=1.0">
    <meta http-equiv="X-UA-Compatible" content="ie=edge">
    <title>Junior DevOps Engineer - Home Task</title>
</head>
<body>
    <header>
        <h1>Welcome to the Junior DevOps Engineer - Home Task</h1>
    </header>
    <footer>
        <p>&copy; 2024 Junior DevOps Engineer</p>
    </footer>
</body>
</html>
<h3>Name-Service: webz-001</h3>
[Sun Sep 22 10:35:00 UTC 2024] Container: webz-jenkins-log, Response: <!DOCTYPE html>
<html lang="en">
<head>
    <meta charset="UTF-8">
    <meta name="viewport" content="width=device-width, initial-scale=1.0">
    <meta http-equiv="X-UA-Compatible" content="ie=edge">
    <title>Junior DevOps Engineer - Home Task</title>
</head>
<body>
    <header>
        <h1>Welcome to the Junior DevOps Engineer - Home Task</h1>
    </header>
    <footer>
        <p>&copy; 2024 Junior DevOps Engineer</p>
    </footer>
</body>
</html>
<h3>Name-Service: webz-001</h3>
[Sun Sep 22 10:40:00 UTC 2024] Container: webz-jenkins-log, Response: <!DOCTYPE html>
<html lang="en">
<head>
    <meta charset="UTF-8">
    <meta name="viewport" content="width=device-width, initial-scale=1.0">
    <meta http-equiv="X-UA-Compatible" content="ie=edge">
    <title>Junior DevOps Engineer - Home Task</title>
</head>
<body>
    <header>
        <h1>Welcome to the Junior DevOps Engineer - Home Task</h1>
    </header>
    <footer>
        <p>&copy; 2024 Junior DevOps Engineer</p>
    </footer>
</body>
</html>
<h3>Name-Service: webz-001</h3>
[Sun Sep 22 10:45:00 UTC 2024] Container: webz-jenkins-log, Response: <!DOCTYPE html>
<html lang="en">
<head>
    <meta charset="UTF-8">
    <meta name="viewport" content="width=device-width, initial-scale=1.0">
    <meta http-equiv="X-UA-Compatible" content="ie=edge">
    <title>Junior DevOps Engineer - Home Task</title>
</head>
<body>
    <header>
        <h1>Welcome to the Junior DevOps Engineer - Home Task</h1>
    </header>
    <footer>
        <p>&copy; 2024 Junior DevOps Engineer</p>
    </footer>
</body>
</html>
<h3>Name-Service: webz-001</h3>
[Sun Sep 22 10:50:00 UTC 2024] Container: webz-jenkins-log, Response: <!DOCTYPE html>
<html lang="en">
<head>
    <meta charset="UTF-8">
    <meta name="viewport" content="width=device-width, initial-scale=1.0">
    <meta http-equiv="X-UA-Compatible" content="ie=edge">
    <title>Junior DevOps Engineer - Home Task</title>
</head>
<body>
    <header>
        <h1>Welcome to the Junior DevOps Engineer - Home Task</h1>
    </header>
    <footer>
        <p>&copy; 2024 Junior DevOps Engineer</p>
    </footer>
</body>
</html>
<h3>Name-Service: webz-001</h3>
[Sun Sep 22 10:52:08 UTC 2024] Container: webz-jenkins-log, Response: <!DOCTYPE html>
<html lang="en">
<head>
    <meta charset="UTF-8">
    <meta name="viewport" content="width=device-width, initial-scale=1.0">
    <meta http-equiv="X-UA-Compatible" content="ie=edge">
    <title>Junior DevOps Engineer - Home Task</title>
</head>
<body>
    <header>
        <h1>Welcome to the Junior DevOps Engineer - Home Task</h1>
    </header>
    <footer>
        <p>&copy; 2024 Junior DevOps Engineer</p>
    </footer>
</body>
</html>
<h3>Name-Service: webz-002</h3>
[Sun Sep 22 10:55:00 UTC 2024] Container: webz-jenkins-log, Response: <!DOCTYPE html>
<html lang="en">
<head>
    <meta charset="UTF-8">
    <meta name="viewport" content="width=device-width, initial-scale=1.0">
    <meta http-equiv="X-UA-Compatible" content="ie=edge">
    <title>Junior DevOps Engineer - Home Task</title>
</head>
<body>
    <header>
        <h1>Welcome to the Junior DevOps Engineer - Home Task</h1>
    </header>
    <footer>
        <p>&copy; 2024 Junior DevOps Engineer</p>
    </footer>
</body>
</html>
<h3>Name-Service: webz-002</h3>
[Sun Sep 22 11:00:00 UTC 2024] Container: webz-jenkins-log, Response: <!DOCTYPE html>
<html lang="en">
<head>
    <meta charset="UTF-8">
    <meta name="viewport" content="width=device-width, initial-scale=1.0">
    <meta http-equiv="X-UA-Compatible" content="ie=edge">
    <title>Junior DevOps Engineer - Home Task</title>
</head>
<body>
    <header>
        <h1>Welcome to the Junior DevOps Engineer - Home Task</h1>
    </header>
    <footer>
        <p>&copy; 2024 Junior DevOps Engineer</p>
    </footer>
</body>
</html>
<h3>Name-Service: webz-002</h3>
[Sun Sep 22 11:05:00 UTC 2024] Container: webz-jenkins-log, Response: <!DOCTYPE html>
<html lang="en">
<head>
    <meta charset="UTF-8">
    <meta name="viewport" content="width=device-width, initial-scale=1.0">
    <meta http-equiv="X-UA-Compatible" content="ie=edge">
    <title>Junior DevOps Engineer - Home Task</title>
</head>
<body>
    <header>
        <h1>Welcome to the Junior DevOps Engineer - Home Task</h1>
    </header>
    <footer>
        <p>&copy; 2024 Junior DevOps Engineer</p>
    </footer>
</body>
</html>
<h3>Name-Service: webz-002</h3>
[Sun Sep 22 11:10:00 UTC 2024] Container: webz-jenkins-log, Response: <!DOCTYPE html>
<html lang="en">
<head>
    <meta charset="UTF-8">
    <meta name="viewport" content="width=device-width, initial-scale=1.0">
    <meta http-equiv="X-UA-Compatible" content="ie=edge">
    <title>Junior DevOps Engineer - Home Task</title>
</head>
<body>
    <header>
        <h1>Welcome to the Junior DevOps Engineer - Home Task</h1>
    </header>
    <footer>
        <p>&copy; 2024 Junior DevOps Engineer</p>
    </footer>
</body>
</html>
<h3>Name-Service: webz-003</h3>
[Sun Sep 22 11:15:00 UTC 2024] Container: webz-jenkins-log, Response: <!DOCTYPE html>
<html lang="en">
<head>
    <meta charset="UTF-8">
    <meta name="viewport" content="width=device-width, initial-scale=1.0">
    <meta http-equiv="X-UA-Compatible" content="ie=edge">
    <title>Junior DevOps Engineer - Home Task</title>
</head>
<body>
    <header>
        <h1>Welcome to the Junior DevOps Engineer - Home Task</h1>
    </header>
    <footer>
        <p>&copy; 2024 Junior DevOps Engineer</p>
    </footer>
</body>
</html>
<h3>Name-Service: webz-003</h3>
[Sun Sep 22 11:20:00 UTC 2024] Container: webz-jenkins-log, Response: <!DOCTYPE html>
<html lang="en">
<head>
    <meta charset="UTF-8">
    <meta name="viewport" content="width=device-width, initial-scale=1.0">
    <meta http-equiv="X-UA-Compatible" content="ie=edge">
    <title>Junior DevOps Engineer - Home Task</title>
</head>
<body>
    <header>
        <h1>Welcome to the Junior DevOps Engineer - Home Task</h1>
    </header>
    <footer>
        <p>&copy; 2024 Junior DevOps Engineer</p>
    </footer>
</body>
</html>
<h3>Name-Service: webz-003</h3>
[Sun Sep 22 11:25:00 UTC 2024] Container: webz-jenkins-log, Response: <!DOCTYPE html>
<html lang="en">
<head>
    <meta charset="UTF-8">
    <meta name="viewport" content="width=device-width, initial-scale=1.0">
    <meta http-equiv="X-UA-Compatible" content="ie=edge">
    <title>Junior DevOps Engineer - Home Task</title>
</head>
<body>
    <header>
        <h1>Welcome to the Junior DevOps Engineer - Home Task</h1>
    </header>
    <footer>
        <p>&copy; 2024 Junior DevOps Engineer</p>
    </footer>
</body>
</html>
<h3>Name-Service: webz-003</h3>
[Sun Sep 22 11:30:00 UTC 2024] Container: webz-jenkins-log, Response: <!DOCTYPE html>
<html lang="en">
<head>
    <meta charset="UTF-8">
    <meta name="viewport" content="width=device-width, initial-scale=1.0">
    <meta http-equiv="X-UA-Compatible" content="ie=edge">
    <title>Junior DevOps Engineer - Home Task</title>
</head>
<body>
    <header>
        <h1>Welcome to the Junior DevOps Engineer - Home Task</h1>
    </header>
    <footer>
        <p>&copy; 2024 Junior DevOps Engineer</p>
    </footer>
</body>
</html>
<h3>Name-Service: webz-003</h3>
